<?xml version="1.0" encoding="UTF-8"?>
<!-- Generated by org.testng.reporters.JUnitXMLReporter -->
<testsuite ignored="0" hostname="TYSS-Chandana-M" failures="0" tests="8" name="Test_01" time="31.497" errors="0" timestamp="2024-03-30T08:21:04 IST">
  <testcase classname="Scripts_Execution_Cross_Browser.ToLaunchMamaEarth" name="launchMamaEarth" time="17.049"/>
  <testcase classname="Scripts_Execution_Cross_Browser.ToLaunchOppo" name="launchOppo" time="18.141"/>
  <testcase classname="Scripts_Execution_Cross_Browser.ToLaunchWow" name="launchWow" time="18.281"/>
  <testcase classname="Scripts_Execution_Cross_Browser.ToLaunchVivo" name="launchVivo" time="24.817"/>
  <testcase classname="Scripts_Execution_Cross_Browser.ToLaunchMi" name="launchMi" time="27.812"/>
  <testcase classname="Scripts_Execution_Cross_Browser.ToLaunchLakme" name="launchLakme" time="30.445"/>
  <testcase classname="Scripts_Execution_Cross_Browser.ToLaunchPurplee" name="launchPurplee" time="31.35"/>
  <testcase classname="Scripts_Execution_Cross_Browser.ToLaunchNykaa" name="launchNykaa" time="31.443"/>
</testsuite> <!-- Test_01 -->
