<?xml version="1.0" encoding="UTF-8"?>
<!-- Generated by org.testng.reporters.JUnitXMLReporter -->
<testsuite ignored="0" hostname="TYSS-Chandana-M" failures="0" tests="8" name="Test" time="33.409" errors="0" timestamp="2024-03-30T07:58:56 IST">
  <testcase classname="Scripts_Execution_Cross_Browser.ToLaunchVivo" name="launchVivo" time="11.115"/>
  <testcase classname="Scripts_Execution_Cross_Browser.ToLaunchMi" name="launchMi" time="15.354"/>
  <testcase classname="Scripts_Execution_Cross_Browser.ToLaunchMamaEarth" name="launchMamaEarth" time="8.893"/>
  <testcase classname="Scripts_Execution_Cross_Browser.ToLaunchLakme" name="launchLakme" time="21.984"/>
  <testcase classname="Scripts_Execution_Cross_Browser.ToLaunchWow" name="launchWow" time="25.85"/>
  <testcase classname="Scripts_Execution_Cross_Browser.ToLaunchNykaa" name="launchNykaa" time="15.19"/>
  <testcase classname="Scripts_Execution_Cross_Browser.ToLaunchOppo" name="launchOppo" time="31.343"/>
  <testcase classname="Scripts_Execution_Cross_Browser.ToLaunchPurplee" name="launchPurplee" time="13.335"/>
</testsuite> <!-- Test -->
