<?xml version="1.0" encoding="UTF-8"?>
<!-- Generated by org.testng.reporters.JUnitXMLReporter -->
<testsuite ignored="0" hostname="TYSS-Chandana-M" failures="0" tests="8" name="Test_02" time="34.788" errors="0" timestamp="2024-03-30T08:21:39 IST">
  <testcase classname="Scripts_Execution_Cross_Browser.ToLaunchMi" name="launchMi" time="21.443"/>
  <testcase classname="Scripts_Execution_Cross_Browser.ToLaunchMamaEarth" name="launchMamaEarth" time="22.323"/>
  <testcase classname="Scripts_Execution_Cross_Browser.ToLaunchWow" name="launchWow" time="22.768"/>
  <testcase classname="Scripts_Execution_Cross_Browser.ToLaunchPurplee" name="launchPurplee" time="22.783"/>
  <testcase classname="Scripts_Execution_Cross_Browser.ToLaunchOppo" name="launchOppo" time="23.755"/>
  <testcase classname="Scripts_Execution_Cross_Browser.ToLaunchLakme" name="launchLakme" time="24.029"/>
  <testcase classname="Scripts_Execution_Cross_Browser.ToLaunchNykaa" name="launchNykaa" time="24.32"/>
  <testcase classname="Scripts_Execution_Cross_Browser.ToLaunchVivo" name="launchVivo" time="34.783"/>
</testsuite> <!-- Test_02 -->
